<?xml version="1.0" encoding="UTF-8"?>
<!-- Generated by org.testng.reporters.JUnitReportReporter -->
<testsuite skipped="0" hostname="SW-LP02523.local" name="com.student.tests.CrudTest" tests="2" failures="0" timestamp="16 Jul 2020 12:18:52 GMT" time="3.927" errors="0">
  <testcase name="getResult" time="0.385" classname="com.student.tests.CrudTest"/>
  <testcase name="createNewStudent" time="3.542" classname="com.student.tests.CrudTest"/>
</testsuite> <!-- com.student.tests.CrudTest -->
